INFO:werkzeug:[31m[1mWARNING: This is a development server. Do not use it in a production deployment. Use a production WSGI server instead.[0m
 * Running on http://127.0.0.1:5000
INFO:werkzeug:[33mPress CTRL+C to quit[0m
INFO:werkzeug: * Restarting with stat
WARNING:werkzeug: * Debugger is active!
INFO:werkzeug: * Debugger PIN: 748-483-934
INFO:werkzeug:[31m[1mWARNING: This is a development server. Do not use it in a production deployment. Use a production WSGI server instead.[0m
 * Running on http://127.0.0.1:5000
INFO:werkzeug:[33mPress CTRL+C to quit[0m
INFO:werkzeug: * Restarting with stat
WARNING:werkzeug: * Debugger is active!
INFO:werkzeug: * Debugger PIN: 748-483-934
INFO:werkzeug: * Detected change in 'C:\\Users\\rhona\\OneDrive\\Desktop\\Scam_Detector\\app\\__init__.py', reloading
INFO:werkzeug: * Detected change in 'C:\\Users\\rhona\\OneDrive\\Desktop\\Scam_Detector\\app\\__init__.py', reloading
INFO:werkzeug: * Restarting with stat
INFO:werkzeug: * Restarting with stat
2024-10-22 23:59:58,202 - INFO - [31m[1mWARNING: This is a development server. Do not use it in a production deployment. Use a production WSGI server instead.[0m
 * Running on http://127.0.0.1:5000
2024-10-22 23:59:58,202 - INFO - [33mPress CTRL+C to quit[0m
2024-10-22 23:59:58,202 - INFO -  * Restarting with stat
2024-10-22 23:59:59,927 - WARNING -  * Debugger is active!
2024-10-22 23:59:59,942 - INFO -  * Debugger PIN: 748-483-934
2024-10-23 00:13:10,962 - INFO -  * Detected change in 'C:\\Users\\rhona\\OneDrive\\Desktop\\Scam_Detector\\app\\utils.py', reloading
2024-10-23 00:13:11,192 - INFO -  * Restarting with stat
